<?xml version="1.0" encoding="UTF-8"?>
<testsuite xmlns:xsi="http://www.w3.org/2001/XMLSchema-instance" xsi:noNamespaceSchemaLocation="https://maven.apache.org/surefire/maven-surefire-plugin/xsd/surefire-test-report.xsd" name="SSMTest" time="2.233" tests="1" errors="0" skipped="0" failures="0">
  <properties>
    <property name="gopherProxySet" value="false"/>
    <property name="awt.toolkit" value="sun.lwawt.macosx.LWCToolkit"/>
    <property name="file.encoding.pkg" value="sun.io"/>
    <property name="java.specification.version" value="1.8"/>
    <property name="sun.cpu.isalist" value=""/>
    <property name="sun.jnu.encoding" value="UTF-8"/>
    <property name="java.class.path" value="/Users/yikaikao/git/aws-samples/designing-cloud-native-microservices-on-aws/sources/coffeeshop/infrastructure/target/test-classes:/Users/yikaikao/git/aws-samples/designing-cloud-native-microservices-on-aws/sources/coffeeshop/infrastructure/target/classes:/Users/yikaikao/git/aws-samples/designing-cloud-native-microservices-on-aws/sources/coffeeshop/ddd-commons/target/ddd-commons-1.0-SNAPSHOT.jar:/Users/yikaikao/.m2/repository/software/amazon/awssdk/cloudwatchevents/2.13.41/cloudwatchevents-2.13.41.jar:/Users/yikaikao/.m2/repository/software/amazon/awssdk/aws-json-protocol/2.13.41/aws-json-protocol-2.13.41.jar:/Users/yikaikao/.m2/repository/software/amazon/awssdk/protocol-core/2.13.41/protocol-core-2.13.41.jar:/Users/yikaikao/.m2/repository/software/amazon/awssdk/sdk-core/2.11.14/sdk-core-2.11.14.jar:/Users/yikaikao/.m2/repository/org/reactivestreams/reactive-streams/1.0.3/reactive-streams-1.0.3.jar:/Users/yikaikao/.m2/repository/software/amazon/awssdk/auth/2.11.14/auth-2.11.14.jar:/Users/yikaikao/.m2/repository/software/amazon/eventstream/eventstream/1.0.1/eventstream-1.0.1.jar:/Users/yikaikao/.m2/repository/software/amazon/awssdk/http-client-spi/2.11.14/http-client-spi-2.11.14.jar:/Users/yikaikao/.m2/repository/software/amazon/awssdk/regions/2.11.14/regions-2.11.14.jar:/Users/yikaikao/.m2/repository/software/amazon/awssdk/annotations/2.13.41/annotations-2.13.41.jar:/Users/yikaikao/.m2/repository/software/amazon/awssdk/utils/2.13.41/utils-2.13.41.jar:/Users/yikaikao/.m2/repository/software/amazon/awssdk/aws-core/2.11.14/aws-core-2.11.14.jar:/Users/yikaikao/.m2/repository/software/amazon/awssdk/apache-client/2.11.14/apache-client-2.11.14.jar:/Users/yikaikao/.m2/repository/org/apache/httpcomponents/httpcore/4.4.13/httpcore-4.4.13.jar:/Users/yikaikao/.m2/repository/software/amazon/awssdk/netty-nio-client/2.11.14/netty-nio-client-2.11.14.jar:/Users/yikaikao/.m2/repository/io/netty/netty-codec-http/4.1.49.Final/netty-codec-http-4.1.49.Final.jar:/Users/yikaikao/.m2/repository/io/netty/netty-codec-http2/4.1.49.Final/netty-codec-http2-4.1.49.Final.jar:/Users/yikaikao/.m2/repository/io/netty/netty-codec/4.1.49.Final/netty-codec-4.1.49.Final.jar:/Users/yikaikao/.m2/repository/io/netty/netty-transport/4.1.49.Final/netty-transport-4.1.49.Final.jar:/Users/yikaikao/.m2/repository/io/netty/netty-resolver/4.1.49.Final/netty-resolver-4.1.49.Final.jar:/Users/yikaikao/.m2/repository/io/netty/netty-common/4.1.49.Final/netty-common-4.1.49.Final.jar:/Users/yikaikao/.m2/repository/io/netty/netty-buffer/4.1.49.Final/netty-buffer-4.1.49.Final.jar:/Users/yikaikao/.m2/repository/io/netty/netty-handler/4.1.49.Final/netty-handler-4.1.49.Final.jar:/Users/yikaikao/.m2/repository/io/netty/netty-transport-native-epoll/4.1.49.Final/netty-transport-native-epoll-4.1.49.Final-linux-x86_64.jar:/Users/yikaikao/.m2/repository/io/netty/netty-transport-native-unix-common/4.1.49.Final/netty-transport-native-unix-common-4.1.49.Final.jar:/Users/yikaikao/.m2/repository/com/typesafe/netty/netty-reactive-streams-http/2.0.4/netty-reactive-streams-http-2.0.4.jar:/Users/yikaikao/.m2/repository/com/typesafe/netty/netty-reactive-streams/2.0.4/netty-reactive-streams-2.0.4.jar:/Users/yikaikao/.m2/repository/software/amazon/awssdk/dynamodb/2.11.14/dynamodb-2.11.14.jar:/Users/yikaikao/.m2/repository/software/amazon/awssdk/profiles/2.13.41/profiles-2.13.41.jar:/Users/yikaikao/.m2/repository/software/amazon/awssdk/dynamodb-enhanced/2.13.41/dynamodb-enhanced-2.13.41.jar:/Users/yikaikao/.m2/repository/software/amazon/awssdk/ssm/2.13.41/ssm-2.13.41.jar:/Users/yikaikao/.m2/repository/software/amazon/awssdk/url-connection-client/2.11.14/url-connection-client-2.11.14.jar:/Users/yikaikao/.m2/repository/software/amazon/serverless/aws-ssm-java-caching-client/1.0.0/aws-ssm-java-caching-client-1.0.0.jar:/Users/yikaikao/.m2/repository/org/slf4j/slf4j-api/1.7.30/slf4j-api-1.7.30.jar:/Users/yikaikao/.m2/repository/com/google/code/gson/gson/2.8.6/gson-2.8.6.jar:/Users/yikaikao/.m2/repository/com/fasterxml/jackson/module/jackson-module-parameter-names/2.10.4/jackson-module-parameter-names-2.10.4.jar:/Users/yikaikao/.m2/repository/com/fasterxml/jackson/core/jackson-core/2.10.4/jackson-core-2.10.4.jar:/Users/yikaikao/.m2/repository/com/fasterxml/jackson/core/jackson-databind/2.10.4/jackson-databind-2.10.4.jar:/Users/yikaikao/.m2/repository/com/fasterxml/jackson/datatype/jackson-datatype-jdk8/2.10.4/jackson-datatype-jdk8-2.10.4.jar:/Users/yikaikao/.m2/repository/com/fasterxml/jackson/datatype/jackson-datatype-jsr310/2.10.4/jackson-datatype-jsr310-2.10.4.jar:/Users/yikaikao/.m2/repository/com/fasterxml/jackson/core/jackson-annotations/2.10.4/jackson-annotations-2.10.4.jar:/Users/yikaikao/git/aws-samples/designing-cloud-native-microservices-on-aws/sources/coffeeshop/orders-domain/target/orders-domain-1.0-SNAPSHOT.jar:/Users/yikaikao/git/aws-samples/designing-cloud-native-microservices-on-aws/sources/coffeeshop/coffee-domain/target/coffee-domain-1.0-SNAPSHOT.jar:/Users/yikaikao/.m2/repository/com/tngtech/archunit/archunit/0.21.0/archunit-0.21.0.jar:/Users/yikaikao/.m2/repository/org/apache/logging/log4j/log4j-core/2.13.3/log4j-core-2.13.3.jar:/Users/yikaikao/.m2/repository/org/apache/logging/log4j/log4j-api/2.13.3/log4j-api-2.13.3.jar:/Users/yikaikao/.m2/repository/io/quarkus/quarkus-resteasy/1.5.2.Final/quarkus-resteasy-1.5.2.Final.jar:/Users/yikaikao/.m2/repository/io/quarkus/quarkus-vertx-http/1.5.2.Final/quarkus-vertx-http-1.5.2.Final.jar:/Users/yikaikao/.m2/repository/io/quarkus/quarkus-development-mode-spi/1.5.2.Final/quarkus-development-mode-spi-1.5.2.Final.jar:/Users/yikaikao/.m2/repository/io/quarkus/security/quarkus-security/1.1.1.Final/quarkus-security-1.1.1.Final.jar:/Users/yikaikao/.m2/repository/io/smallrye/reactive/mutiny/0.5.0/mutiny-0.5.0.jar:/Users/yikaikao/.m2/repository/jakarta/enterprise/jakarta.enterprise.cdi-api/2.0.2/jakarta.enterprise.cdi-api-2.0.2.jar:/Users/yikaikao/.m2/repository/jakarta/el/jakarta.el-api/3.0.3/jakarta.el-api-3.0.3.jar:/Users/yikaikao/.m2/repository/jakarta/interceptor/jakarta.interceptor-api/1.2.5/jakarta.interceptor-api-1.2.5.jar:/Users/yikaikao/.m2/repository/io/quarkus/quarkus-vertx-core/1.5.2.Final/quarkus-vertx-core-1.5.2.Final.jar:/Users/yikaikao/.m2/repository/io/quarkus/quarkus-netty/1.5.2.Final/quarkus-netty-1.5.2.Final.jar:/Users/yikaikao/.m2/repository/io/vertx/vertx-core/3.9.0/vertx-core-3.9.0.jar:/Users/yikaikao/.m2/repository/io/netty/netty-handler-proxy/4.1.49.Final/netty-handler-proxy-4.1.49.Final.jar:/Users/yikaikao/.m2/repository/io/netty/netty-codec-socks/4.1.49.Final/netty-codec-socks-4.1.49.Final.jar:/Users/yikaikao/.m2/repository/io/netty/netty-resolver-dns/4.1.49.Final/netty-resolver-dns-4.1.49.Final.jar:/Users/yikaikao/.m2/repository/io/netty/netty-codec-dns/4.1.49.Final/netty-codec-dns-4.1.49.Final.jar:/Users/yikaikao/.m2/repository/io/vertx/vertx-web/3.9.0/vertx-web-3.9.0.jar:/Users/yikaikao/.m2/repository/io/vertx/vertx-web-common/3.9.0/vertx-web-common-3.9.0.jar:/Users/yikaikao/.m2/repository/io/vertx/vertx-auth-common/3.9.0/vertx-auth-common-3.9.0.jar:/Users/yikaikao/.m2/repository/io/vertx/vertx-bridge-common/3.9.0/vertx-bridge-common-3.9.0.jar:/Users/yikaikao/.m2/repository/io/quarkus/quarkus-resteasy-server-common/1.5.2.Final/quarkus-resteasy-server-common-1.5.2.Final.jar:/Users/yikaikao/.m2/repository/io/quarkus/quarkus-arc/1.5.2.Final/quarkus-arc-1.5.2.Final.jar:/Users/yikaikao/.m2/repository/io/quarkus/arc/arc/1.5.2.Final/arc-1.5.2.Final.jar:/Users/yikaikao/.m2/repository/jakarta/transaction/jakarta.transaction-api/1.3.3/jakarta.transaction-api-1.3.3.jar:/Users/yikaikao/.m2/repository/org/eclipse/microprofile/context-propagation/microprofile-context-propagation-api/1.0.1/microprofile-context-propagation-api-1.0.1.jar:/Users/yikaikao/.m2/repository/io/quarkus/quarkus-resteasy-common/1.5.2.Final/quarkus-resteasy-common-1.5.2.Final.jar:/Users/yikaikao/.m2/repository/org/jboss/resteasy/resteasy-core/4.5.3.Final/resteasy-core-4.5.3.Final.jar:/Users/yikaikao/.m2/repository/org/jboss/spec/javax/ws/rs/jboss-jaxrs-api_2.1_spec/2.0.1.Final/jboss-jaxrs-api_2.1_spec-2.0.1.Final.jar:/Users/yikaikao/.m2/repository/org/jboss/spec/javax/xml/bind/jboss-jaxb-api_2.3_spec/2.0.0.Final/jboss-jaxb-api_2.3_spec-2.0.0.Final.jar:/Users/yikaikao/.m2/repository/org/jboss/resteasy/resteasy-core-spi/4.5.3.Final/resteasy-core-spi-4.5.3.Final.jar:/Users/yikaikao/.m2/repository/org/eclipse/microprofile/config/microprofile-config-api/1.4/microprofile-config-api-1.4.jar:/Users/yikaikao/.m2/repository/com/sun/activation/jakarta.activation/1.2.1/jakarta.activation-1.2.1.jar:/Users/yikaikao/.m2/repository/jakarta/validation/jakarta.validation-api/2.0.2/jakarta.validation-api-2.0.2.jar:/Users/yikaikao/.m2/repository/io/quarkus/quarkus-junit5/1.5.2.Final/quarkus-junit5-1.5.2.Final.jar:/Users/yikaikao/.m2/repository/io/quarkus/quarkus-bootstrap-core/1.5.2.Final/quarkus-bootstrap-core-1.5.2.Final.jar:/Users/yikaikao/.m2/repository/org/ow2/asm/asm/8.0.1/asm-8.0.1.jar:/Users/yikaikao/.m2/repository/org/apache/maven/maven-embedder/3.6.3/maven-embedder-3.6.3.jar:/Users/yikaikao/.m2/repository/org/apache/maven/maven-settings/3.6.3/maven-settings-3.6.3.jar:/Users/yikaikao/.m2/repository/org/apache/maven/maven-core/3.6.3/maven-core-3.6.3.jar:/Users/yikaikao/.m2/repository/org/apache/maven/maven-artifact/3.6.3/maven-artifact-3.6.3.jar:/Users/yikaikao/.m2/repository/org/codehaus/plexus/plexus-component-annotations/2.1.0/plexus-component-annotations-2.1.0.jar:/Users/yikaikao/.m2/repository/org/apache/maven/maven-plugin-api/3.6.3/maven-plugin-api-3.6.3.jar:/Users/yikaikao/.m2/repository/org/apache/maven/maven-model/3.6.3/maven-model-3.6.3.jar:/Users/yikaikao/.m2/repository/org/apache/maven/maven-model-builder/3.6.3/maven-model-builder-3.6.3.jar:/Users/yikaikao/.m2/repository/org/apache/maven/maven-builder-support/3.6.3/maven-builder-support-3.6.3.jar:/Users/yikaikao/.m2/repository/org/apache/maven/resolver/maven-resolver-api/1.4.1/maven-resolver-api-1.4.1.jar:/Users/yikaikao/.m2/repository/org/apache/maven/resolver/maven-resolver-util/1.4.1/maven-resolver-util-1.4.1.jar:/Users/yikaikao/.m2/repository/org/apache/maven/shared/maven-shared-utils/3.2.1/maven-shared-utils-3.2.1.jar:/Users/yikaikao/.m2/repository/commons-io/commons-io/2.6/commons-io-2.6.jar:/Users/yikaikao/.m2/repository/com/google/inject/guice/4.2.1/guice-4.2.1-no_aop.jar:/Users/yikaikao/.m2/repository/com/google/guava/guava/27.0.1-jre/guava-27.0.1-jre.jar:/Users/yikaikao/.m2/repository/com/google/guava/failureaccess/1.0.1/failureaccess-1.0.1.jar:/Users/yikaikao/.m2/repository/com/google/guava/listenablefuture/9999.0-empty-to-avoid-conflict-with-guava/listenablefuture-9999.0-empty-to-avoid-conflict-with-guava.jar:/Users/yikaikao/.m2/repository/org/codehaus/plexus/plexus-utils/3.2.1/plexus-utils-3.2.1.jar:/Users/yikaikao/.m2/repository/org/codehaus/plexus/plexus-classworlds/2.6.0/plexus-classworlds-2.6.0.jar:/Users/yikaikao/.m2/repository/commons-cli/commons-cli/1.4/commons-cli-1.4.jar:/Users/yikaikao/.m2/repository/org/eclipse/sisu/org.eclipse.sisu.plexus/0.3.4/org.eclipse.sisu.plexus-0.3.4.jar:/Users/yikaikao/.m2/repository/org/apache/maven/maven-settings-builder/3.6.3/maven-settings-builder-3.6.3.jar:/Users/yikaikao/.m2/repository/org/codehaus/plexus/plexus-interpolation/1.25/plexus-interpolation-1.25.jar:/Users/yikaikao/.m2/repository/org/sonatype/plexus/plexus-sec-dispatcher/1.4/plexus-sec-dispatcher-1.4.jar:/Users/yikaikao/.m2/repository/org/sonatype/plexus/plexus-cipher/1.4/plexus-cipher-1.4.jar:/Users/yikaikao/.m2/repository/org/apache/maven/maven-resolver-provider/3.6.3/maven-resolver-provider-3.6.3.jar:/Users/yikaikao/.m2/repository/org/apache/maven/maven-repository-metadata/3.6.3/maven-repository-metadata-3.6.3.jar:/Users/yikaikao/.m2/repository/org/apache/maven/resolver/maven-resolver-spi/1.4.1/maven-resolver-spi-1.4.1.jar:/Users/yikaikao/.m2/repository/org/apache/maven/resolver/maven-resolver-impl/1.4.1/maven-resolver-impl-1.4.1.jar:/Users/yikaikao/.m2/repository/org/apache/maven/resolver/maven-resolver-connector-basic/1.4.1/maven-resolver-connector-basic-1.4.1.jar:/Users/yikaikao/.m2/repository/org/apache/maven/resolver/maven-resolver-transport-wagon/1.4.1/maven-resolver-transport-wagon-1.4.1.jar:/Users/yikaikao/.m2/repository/org/apache/maven/wagon/wagon-http/3.3.4/wagon-http-3.3.4.jar:/Users/yikaikao/.m2/repository/org/apache/maven/wagon/wagon-http-shared/3.3.4/wagon-http-shared-3.3.4.jar:/Users/yikaikao/.m2/repository/org/jsoup/jsoup/1.12.1/jsoup-1.12.1.jar:/Users/yikaikao/.m2/repository/org/apache/maven/wagon/wagon-provider-api/3.3.4/wagon-provider-api-3.3.4.jar:/Users/yikaikao/.m2/repository/org/apache/maven/wagon/wagon-file/3.3.4/wagon-file-3.3.4.jar:/Users/yikaikao/.m2/repository/org/jboss/logging/jboss-logging/3.3.2.Final/jboss-logging-3.3.2.Final.jar:/Users/yikaikao/.m2/repository/org/jboss/logging/commons-logging-jboss-logging/1.0.0.Final/commons-logging-jboss-logging-1.0.0.Final.jar:/Users/yikaikao/.m2/repository/org/eclipse/sisu/org.eclipse.sisu.inject/0.3.4/org.eclipse.sisu.inject-0.3.4.jar:/Users/yikaikao/.m2/repository/io/quarkus/quarkus-test-common/1.5.2.Final/quarkus-test-common-1.5.2.Final.jar:/Users/yikaikao/.m2/repository/io/quarkus/quarkus-core-deployment/1.5.2.Final/quarkus-core-deployment-1.5.2.Final.jar:/Users/yikaikao/.m2/repository/io/quarkus/gizmo/gizmo/1.0.3.Final/gizmo-1.0.3.Final.jar:/Users/yikaikao/.m2/repository/org/ow2/asm/asm-util/8.0.1/asm-util-8.0.1.jar:/Users/yikaikao/.m2/repository/org/ow2/asm/asm-tree/8.0.1/asm-tree-8.0.1.jar:/Users/yikaikao/.m2/repository/org/ow2/asm/asm-analysis/8.0.1/asm-analysis-8.0.1.jar:/Users/yikaikao/.m2/repository/io/quarkus/quarkus-builder/1.5.2.Final/quarkus-builder-1.5.2.Final.jar:/Users/yikaikao/.m2/repository/io/quarkus/quarkus-jsonp-deployment/1.5.2.Final/quarkus-jsonp-deployment-1.5.2.Final.jar:/Users/yikaikao/.m2/repository/io/quarkus/quarkus-jsonp/1.5.2.Final/quarkus-jsonp-1.5.2.Final.jar:/Users/yikaikao/.m2/repository/org/glassfish/jakarta.json/1.1.6/jakarta.json-1.1.6.jar:/Users/yikaikao/.m2/repository/org/jboss/jandex/2.1.3.Final/jandex-2.1.3.Final.jar:/Users/yikaikao/.m2/repository/io/quarkus/quarkus-core/1.5.2.Final/quarkus-core-1.5.2.Final.jar:/Users/yikaikao/.m2/repository/jakarta/annotation/jakarta.annotation-api/1.3.5/jakarta.annotation-api-1.3.5.jar:/Users/yikaikao/.m2/repository/jakarta/inject/jakarta.inject-api/1.0/jakarta.inject-api-1.0.jar:/Users/yikaikao/.m2/repository/io/quarkus/quarkus-ide-launcher/1.5.2.Final/quarkus-ide-launcher-1.5.2.Final.jar:/Users/yikaikao/.m2/repository/io/smallrye/config/smallrye-config/1.7.0/smallrye-config-1.7.0.jar:/Users/yikaikao/.m2/repository/io/smallrye/config/smallrye-config-common/1.7.0/smallrye-config-common-1.7.0.jar:/Users/yikaikao/.m2/repository/org/jboss/logmanager/jboss-logmanager-embedded/1.0.4/jboss-logmanager-embedded-1.0.4.jar:/Users/yikaikao/.m2/repository/org/jboss/logging/jboss-logging-annotations/2.1.0.Final/jboss-logging-annotations-2.1.0.Final.jar:/Users/yikaikao/.m2/repository/org/jboss/threads/jboss-threads/3.1.1.Final/jboss-threads-3.1.1.Final.jar:/Users/yikaikao/.m2/repository/org/jboss/slf4j/slf4j-jboss-logging/1.2.0.Final/slf4j-jboss-logging-1.2.0.Final.jar:/Users/yikaikao/.m2/repository/org/graalvm/sdk/graal-sdk/19.3.1/graal-sdk-19.3.1.jar:/Users/yikaikao/.m2/repository/org/wildfly/common/wildfly-common/1.5.4.Final-format-001/wildfly-common-1.5.4.Final-format-001.jar:/Users/yikaikao/.m2/repository/io/quarkus/quarkus-bootstrap-runner/1.5.2.Final/quarkus-bootstrap-runner-1.5.2.Final.jar:/Users/yikaikao/.m2/repository/com/thoughtworks/xstream/xstream/1.4.11.1/xstream-1.4.11.1.jar:/Users/yikaikao/.m2/repository/xmlpull/xmlpull/1.1.3.1/xmlpull-1.1.3.1.jar:/Users/yikaikao/.m2/repository/xpp3/xpp3_min/1.1.4c/xpp3_min-1.1.4c.jar:/Users/yikaikao/.m2/repository/io/rest-assured/rest-assured/4.3.0/rest-assured-4.3.0.jar:/Users/yikaikao/.m2/repository/org/codehaus/groovy/groovy/3.0.2/groovy-3.0.2.jar:/Users/yikaikao/.m2/repository/org/codehaus/groovy/groovy-xml/3.0.2/groovy-xml-3.0.2.jar:/Users/yikaikao/.m2/repository/org/apache/httpcomponents/httpclient/4.5.12/httpclient-4.5.12.jar:/Users/yikaikao/.m2/repository/commons-codec/commons-codec/1.14/commons-codec-1.14.jar:/Users/yikaikao/.m2/repository/org/apache/httpcomponents/httpmime/4.5.3/httpmime-4.5.3.jar:/Users/yikaikao/.m2/repository/org/hamcrest/hamcrest/2.1/hamcrest-2.1.jar:/Users/yikaikao/.m2/repository/org/ccil/cowan/tagsoup/tagsoup/1.2.1/tagsoup-1.2.1.jar:/Users/yikaikao/.m2/repository/io/rest-assured/json-path/4.3.0/json-path-4.3.0.jar:/Users/yikaikao/.m2/repository/org/codehaus/groovy/groovy-json/3.0.2/groovy-json-3.0.2.jar:/Users/yikaikao/.m2/repository/io/rest-assured/rest-assured-common/4.3.0/rest-assured-common-4.3.0.jar:/Users/yikaikao/.m2/repository/io/rest-assured/xml-path/4.3.0/xml-path-4.3.0.jar:/Users/yikaikao/.m2/repository/org/apache/commons/commons-lang3/3.9/commons-lang3-3.9.jar:/Users/yikaikao/.m2/repository/jakarta/xml/bind/jakarta.xml.bind-api/2.3.2/jakarta.xml.bind-api-2.3.2.jar:/Users/yikaikao/.m2/repository/jakarta/activation/jakarta.activation-api/1.2.1/jakarta.activation-api-1.2.1.jar:/Users/yikaikao/.m2/repository/org/apache/sling/org.apache.sling.javax.activation/0.1.0/org.apache.sling.javax.activation-0.1.0.jar:/Users/yikaikao/.m2/repository/org/junit/jupiter/junit-jupiter/5.7.2/junit-jupiter-5.7.2.jar:/Users/yikaikao/.m2/repository/org/junit/jupiter/junit-jupiter-api/5.6.2/junit-jupiter-api-5.6.2.jar:/Users/yikaikao/.m2/repository/org/opentest4j/opentest4j/1.2.0/opentest4j-1.2.0.jar:/Users/yikaikao/.m2/repository/org/junit/platform/junit-platform-commons/1.6.2/junit-platform-commons-1.6.2.jar:/Users/yikaikao/.m2/repository/org/junit/jupiter/junit-jupiter-params/5.6.2/junit-jupiter-params-5.6.2.jar:/Users/yikaikao/.m2/repository/org/junit/jupiter/junit-jupiter-engine/5.6.2/junit-jupiter-engine-5.6.2.jar:/Users/yikaikao/.m2/repository/org/junit/platform/junit-platform-runner/1.6.2/junit-platform-runner-1.6.2.jar:/Users/yikaikao/.m2/repository/junit/junit/4.12/junit-4.12.jar:/Users/yikaikao/.m2/repository/org/hamcrest/hamcrest-core/1.3/hamcrest-core-1.3.jar:/Users/yikaikao/.m2/repository/org/apiguardian/apiguardian-api/1.1.0/apiguardian-api-1.1.0.jar:/Users/yikaikao/.m2/repository/org/junit/platform/junit-platform-launcher/1.6.2/junit-platform-launcher-1.6.2.jar:/Users/yikaikao/.m2/repository/org/junit/platform/junit-platform-suite-api/1.6.2/junit-platform-suite-api-1.6.2.jar:/Users/yikaikao/.m2/repository/io/cucumber/cucumber-java8/6.10.4/cucumber-java8-6.10.4.jar:/Users/yikaikao/.m2/repository/io/cucumber/cucumber-core/6.10.4/cucumber-core-6.10.4.jar:/Users/yikaikao/.m2/repository/io/cucumber/cucumber-gherkin/6.10.4/cucumber-gherkin-6.10.4.jar:/Users/yikaikao/.m2/repository/io/cucumber/cucumber-gherkin-messages/6.10.4/cucumber-gherkin-messages-6.10.4.jar:/Users/yikaikao/.m2/repository/io/cucumber/messages/15.0.0/messages-15.0.0.jar:/Users/yikaikao/.m2/repository/io/cucumber/tag-expressions/3.0.1/tag-expressions-3.0.1.jar:/Users/yikaikao/.m2/repository/io/cucumber/cucumber-expressions/10.3.0/cucumber-expressions-10.3.0.jar:/Users/yikaikao/.m2/repository/io/cucumber/datatable/3.5.0/datatable-3.5.0.jar:/Users/yikaikao/.m2/repository/io/cucumber/cucumber-plugin/6.10.4/cucumber-plugin-6.10.4.jar:/Users/yikaikao/.m2/repository/io/cucumber/docstring/6.10.4/docstring-6.10.4.jar:/Users/yikaikao/.m2/repository/io/cucumber/html-formatter/13.0.0/html-formatter-13.0.0.jar:/Users/yikaikao/.m2/repository/io/cucumber/create-meta/4.0.0/create-meta-4.0.0.jar:/Users/yikaikao/.m2/repository/net/jodah/typetools/0.6.3/typetools-0.6.3.jar:/Users/yikaikao/.m2/repository/io/cucumber/cucumber-junit/6.10.4/cucumber-junit-6.10.4.jar:/Users/yikaikao/.m2/repository/io/cucumber/cucumber-junit-platform-engine/6.10.4/cucumber-junit-platform-engine-6.10.4.jar:/Users/yikaikao/.m2/repository/org/junit/platform/junit-platform-engine/1.6.2/junit-platform-engine-1.6.2.jar:/Users/yikaikao/.m2/repository/org/mockito/mockito-core/3.3.3/mockito-core-3.3.3.jar:/Users/yikaikao/.m2/repository/net/bytebuddy/byte-buddy/1.10.5/byte-buddy-1.10.5.jar:/Users/yikaikao/.m2/repository/net/bytebuddy/byte-buddy-agent/1.10.5/byte-buddy-agent-1.10.5.jar:/Users/yikaikao/.m2/repository/org/objenesis/objenesis/2.6/objenesis-2.6.jar:/Users/yikaikao/.m2/repository/org/projectlombok/lombok/1.18.20/lombok-1.18.20.jar:"/>
    <property name="java.vm.vendor" value="Amazon.com Inc."/>
    <property name="sun.arch.data.model" value="64"/>
    <property name="java.vendor.url" value="https://aws.amazon.com/corretto/"/>
    <property name="user.timezone" value=""/>
    <property name="java.vm.specification.version" value="1.8"/>
    <property name="os.name" value="Mac OS X"/>
    <property name="user.country" value="TW"/>
    <property name="sun.java.launcher" value="SUN_STANDARD"/>
    <property name="sun.boot.library.path" value="/Users/yikaikao/.sdkman/candidates/java/8.292.10.1-amzn/jre/lib"/>
    <property name="sun.java.command" value="/Users/yikaikao/git/aws-samples/designing-cloud-native-microservices-on-aws/sources/coffeeshop/infrastructure/target/surefire/surefirebooter5250288355090885510.jar /Users/yikaikao/git/aws-samples/designing-cloud-native-microservices-on-aws/sources/coffeeshop/infrastructure/target/surefire 2021-09-06T16-38-33_023-jvmRun1 surefire2532902675644949682tmp surefire_25520922697143497278tmp"/>
    <property name="http.nonProxyHosts" value="local|*.local|169.254/16|*.169.254/16"/>
    <property name="surefire.test.class.path" value="/Users/yikaikao/git/aws-samples/designing-cloud-native-microservices-on-aws/sources/coffeeshop/infrastructure/target/test-classes:/Users/yikaikao/git/aws-samples/designing-cloud-native-microservices-on-aws/sources/coffeeshop/infrastructure/target/classes:/Users/yikaikao/git/aws-samples/designing-cloud-native-microservices-on-aws/sources/coffeeshop/ddd-commons/target/ddd-commons-1.0-SNAPSHOT.jar:/Users/yikaikao/.m2/repository/software/amazon/awssdk/cloudwatchevents/2.13.41/cloudwatchevents-2.13.41.jar:/Users/yikaikao/.m2/repository/software/amazon/awssdk/aws-json-protocol/2.13.41/aws-json-protocol-2.13.41.jar:/Users/yikaikao/.m2/repository/software/amazon/awssdk/protocol-core/2.13.41/protocol-core-2.13.41.jar:/Users/yikaikao/.m2/repository/software/amazon/awssdk/sdk-core/2.11.14/sdk-core-2.11.14.jar:/Users/yikaikao/.m2/repository/org/reactivestreams/reactive-streams/1.0.3/reactive-streams-1.0.3.jar:/Users/yikaikao/.m2/repository/software/amazon/awssdk/auth/2.11.14/auth-2.11.14.jar:/Users/yikaikao/.m2/repository/software/amazon/eventstream/eventstream/1.0.1/eventstream-1.0.1.jar:/Users/yikaikao/.m2/repository/software/amazon/awssdk/http-client-spi/2.11.14/http-client-spi-2.11.14.jar:/Users/yikaikao/.m2/repository/software/amazon/awssdk/regions/2.11.14/regions-2.11.14.jar:/Users/yikaikao/.m2/repository/software/amazon/awssdk/annotations/2.13.41/annotations-2.13.41.jar:/Users/yikaikao/.m2/repository/software/amazon/awssdk/utils/2.13.41/utils-2.13.41.jar:/Users/yikaikao/.m2/repository/software/amazon/awssdk/aws-core/2.11.14/aws-core-2.11.14.jar:/Users/yikaikao/.m2/repository/software/amazon/awssdk/apache-client/2.11.14/apache-client-2.11.14.jar:/Users/yikaikao/.m2/repository/org/apache/httpcomponents/httpcore/4.4.13/httpcore-4.4.13.jar:/Users/yikaikao/.m2/repository/software/amazon/awssdk/netty-nio-client/2.11.14/netty-nio-client-2.11.14.jar:/Users/yikaikao/.m2/repository/io/netty/netty-codec-http/4.1.49.Final/netty-codec-http-4.1.49.Final.jar:/Users/yikaikao/.m2/repository/io/netty/netty-codec-http2/4.1.49.Final/netty-codec-http2-4.1.49.Final.jar:/Users/yikaikao/.m2/repository/io/netty/netty-codec/4.1.49.Final/netty-codec-4.1.49.Final.jar:/Users/yikaikao/.m2/repository/io/netty/netty-transport/4.1.49.Final/netty-transport-4.1.49.Final.jar:/Users/yikaikao/.m2/repository/io/netty/netty-resolver/4.1.49.Final/netty-resolver-4.1.49.Final.jar:/Users/yikaikao/.m2/repository/io/netty/netty-common/4.1.49.Final/netty-common-4.1.49.Final.jar:/Users/yikaikao/.m2/repository/io/netty/netty-buffer/4.1.49.Final/netty-buffer-4.1.49.Final.jar:/Users/yikaikao/.m2/repository/io/netty/netty-handler/4.1.49.Final/netty-handler-4.1.49.Final.jar:/Users/yikaikao/.m2/repository/io/netty/netty-transport-native-epoll/4.1.49.Final/netty-transport-native-epoll-4.1.49.Final-linux-x86_64.jar:/Users/yikaikao/.m2/repository/io/netty/netty-transport-native-unix-common/4.1.49.Final/netty-transport-native-unix-common-4.1.49.Final.jar:/Users/yikaikao/.m2/repository/com/typesafe/netty/netty-reactive-streams-http/2.0.4/netty-reactive-streams-http-2.0.4.jar:/Users/yikaikao/.m2/repository/com/typesafe/netty/netty-reactive-streams/2.0.4/netty-reactive-streams-2.0.4.jar:/Users/yikaikao/.m2/repository/software/amazon/awssdk/dynamodb/2.11.14/dynamodb-2.11.14.jar:/Users/yikaikao/.m2/repository/software/amazon/awssdk/profiles/2.13.41/profiles-2.13.41.jar:/Users/yikaikao/.m2/repository/software/amazon/awssdk/dynamodb-enhanced/2.13.41/dynamodb-enhanced-2.13.41.jar:/Users/yikaikao/.m2/repository/software/amazon/awssdk/ssm/2.13.41/ssm-2.13.41.jar:/Users/yikaikao/.m2/repository/software/amazon/awssdk/url-connection-client/2.11.14/url-connection-client-2.11.14.jar:/Users/yikaikao/.m2/repository/software/amazon/serverless/aws-ssm-java-caching-client/1.0.0/aws-ssm-java-caching-client-1.0.0.jar:/Users/yikaikao/.m2/repository/org/slf4j/slf4j-api/1.7.30/slf4j-api-1.7.30.jar:/Users/yikaikao/.m2/repository/com/google/code/gson/gson/2.8.6/gson-2.8.6.jar:/Users/yikaikao/.m2/repository/com/fasterxml/jackson/module/jackson-module-parameter-names/2.10.4/jackson-module-parameter-names-2.10.4.jar:/Users/yikaikao/.m2/repository/com/fasterxml/jackson/core/jackson-core/2.10.4/jackson-core-2.10.4.jar:/Users/yikaikao/.m2/repository/com/fasterxml/jackson/core/jackson-databind/2.10.4/jackson-databind-2.10.4.jar:/Users/yikaikao/.m2/repository/com/fasterxml/jackson/datatype/jackson-datatype-jdk8/2.10.4/jackson-datatype-jdk8-2.10.4.jar:/Users/yikaikao/.m2/repository/com/fasterxml/jackson/datatype/jackson-datatype-jsr310/2.10.4/jackson-datatype-jsr310-2.10.4.jar:/Users/yikaikao/.m2/repository/com/fasterxml/jackson/core/jackson-annotations/2.10.4/jackson-annotations-2.10.4.jar:/Users/yikaikao/git/aws-samples/designing-cloud-native-microservices-on-aws/sources/coffeeshop/orders-domain/target/orders-domain-1.0-SNAPSHOT.jar:/Users/yikaikao/git/aws-samples/designing-cloud-native-microservices-on-aws/sources/coffeeshop/coffee-domain/target/coffee-domain-1.0-SNAPSHOT.jar:/Users/yikaikao/.m2/repository/com/tngtech/archunit/archunit/0.21.0/archunit-0.21.0.jar:/Users/yikaikao/.m2/repository/org/apache/logging/log4j/log4j-core/2.13.3/log4j-core-2.13.3.jar:/Users/yikaikao/.m2/repository/org/apache/logging/log4j/log4j-api/2.13.3/log4j-api-2.13.3.jar:/Users/yikaikao/.m2/repository/io/quarkus/quarkus-resteasy/1.5.2.Final/quarkus-resteasy-1.5.2.Final.jar:/Users/yikaikao/.m2/repository/io/quarkus/quarkus-vertx-http/1.5.2.Final/quarkus-vertx-http-1.5.2.Final.jar:/Users/yikaikao/.m2/repository/io/quarkus/quarkus-development-mode-spi/1.5.2.Final/quarkus-development-mode-spi-1.5.2.Final.jar:/Users/yikaikao/.m2/repository/io/quarkus/security/quarkus-security/1.1.1.Final/quarkus-security-1.1.1.Final.jar:/Users/yikaikao/.m2/repository/io/smallrye/reactive/mutiny/0.5.0/mutiny-0.5.0.jar:/Users/yikaikao/.m2/repository/jakarta/enterprise/jakarta.enterprise.cdi-api/2.0.2/jakarta.enterprise.cdi-api-2.0.2.jar:/Users/yikaikao/.m2/repository/jakarta/el/jakarta.el-api/3.0.3/jakarta.el-api-3.0.3.jar:/Users/yikaikao/.m2/repository/jakarta/interceptor/jakarta.interceptor-api/1.2.5/jakarta.interceptor-api-1.2.5.jar:/Users/yikaikao/.m2/repository/io/quarkus/quarkus-vertx-core/1.5.2.Final/quarkus-vertx-core-1.5.2.Final.jar:/Users/yikaikao/.m2/repository/io/quarkus/quarkus-netty/1.5.2.Final/quarkus-netty-1.5.2.Final.jar:/Users/yikaikao/.m2/repository/io/vertx/vertx-core/3.9.0/vertx-core-3.9.0.jar:/Users/yikaikao/.m2/repository/io/netty/netty-handler-proxy/4.1.49.Final/netty-handler-proxy-4.1.49.Final.jar:/Users/yikaikao/.m2/repository/io/netty/netty-codec-socks/4.1.49.Final/netty-codec-socks-4.1.49.Final.jar:/Users/yikaikao/.m2/repository/io/netty/netty-resolver-dns/4.1.49.Final/netty-resolver-dns-4.1.49.Final.jar:/Users/yikaikao/.m2/repository/io/netty/netty-codec-dns/4.1.49.Final/netty-codec-dns-4.1.49.Final.jar:/Users/yikaikao/.m2/repository/io/vertx/vertx-web/3.9.0/vertx-web-3.9.0.jar:/Users/yikaikao/.m2/repository/io/vertx/vertx-web-common/3.9.0/vertx-web-common-3.9.0.jar:/Users/yikaikao/.m2/repository/io/vertx/vertx-auth-common/3.9.0/vertx-auth-common-3.9.0.jar:/Users/yikaikao/.m2/repository/io/vertx/vertx-bridge-common/3.9.0/vertx-bridge-common-3.9.0.jar:/Users/yikaikao/.m2/repository/io/quarkus/quarkus-resteasy-server-common/1.5.2.Final/quarkus-resteasy-server-common-1.5.2.Final.jar:/Users/yikaikao/.m2/repository/io/quarkus/quarkus-arc/1.5.2.Final/quarkus-arc-1.5.2.Final.jar:/Users/yikaikao/.m2/repository/io/quarkus/arc/arc/1.5.2.Final/arc-1.5.2.Final.jar:/Users/yikaikao/.m2/repository/jakarta/transaction/jakarta.transaction-api/1.3.3/jakarta.transaction-api-1.3.3.jar:/Users/yikaikao/.m2/repository/org/eclipse/microprofile/context-propagation/microprofile-context-propagation-api/1.0.1/microprofile-context-propagation-api-1.0.1.jar:/Users/yikaikao/.m2/repository/io/quarkus/quarkus-resteasy-common/1.5.2.Final/quarkus-resteasy-common-1.5.2.Final.jar:/Users/yikaikao/.m2/repository/org/jboss/resteasy/resteasy-core/4.5.3.Final/resteasy-core-4.5.3.Final.jar:/Users/yikaikao/.m2/repository/org/jboss/spec/javax/ws/rs/jboss-jaxrs-api_2.1_spec/2.0.1.Final/jboss-jaxrs-api_2.1_spec-2.0.1.Final.jar:/Users/yikaikao/.m2/repository/org/jboss/spec/javax/xml/bind/jboss-jaxb-api_2.3_spec/2.0.0.Final/jboss-jaxb-api_2.3_spec-2.0.0.Final.jar:/Users/yikaikao/.m2/repository/org/jboss/resteasy/resteasy-core-spi/4.5.3.Final/resteasy-core-spi-4.5.3.Final.jar:/Users/yikaikao/.m2/repository/org/eclipse/microprofile/config/microprofile-config-api/1.4/microprofile-config-api-1.4.jar:/Users/yikaikao/.m2/repository/com/sun/activation/jakarta.activation/1.2.1/jakarta.activation-1.2.1.jar:/Users/yikaikao/.m2/repository/jakarta/validation/jakarta.validation-api/2.0.2/jakarta.validation-api-2.0.2.jar:/Users/yikaikao/.m2/repository/io/quarkus/quarkus-junit5/1.5.2.Final/quarkus-junit5-1.5.2.Final.jar:/Users/yikaikao/.m2/repository/io/quarkus/quarkus-bootstrap-core/1.5.2.Final/quarkus-bootstrap-core-1.5.2.Final.jar:/Users/yikaikao/.m2/repository/org/ow2/asm/asm/8.0.1/asm-8.0.1.jar:/Users/yikaikao/.m2/repository/org/apache/maven/maven-embedder/3.6.3/maven-embedder-3.6.3.jar:/Users/yikaikao/.m2/repository/org/apache/maven/maven-settings/3.6.3/maven-settings-3.6.3.jar:/Users/yikaikao/.m2/repository/org/apache/maven/maven-core/3.6.3/maven-core-3.6.3.jar:/Users/yikaikao/.m2/repository/org/apache/maven/maven-artifact/3.6.3/maven-artifact-3.6.3.jar:/Users/yikaikao/.m2/repository/org/codehaus/plexus/plexus-component-annotations/2.1.0/plexus-component-annotations-2.1.0.jar:/Users/yikaikao/.m2/repository/org/apache/maven/maven-plugin-api/3.6.3/maven-plugin-api-3.6.3.jar:/Users/yikaikao/.m2/repository/org/apache/maven/maven-model/3.6.3/maven-model-3.6.3.jar:/Users/yikaikao/.m2/repository/org/apache/maven/maven-model-builder/3.6.3/maven-model-builder-3.6.3.jar:/Users/yikaikao/.m2/repository/org/apache/maven/maven-builder-support/3.6.3/maven-builder-support-3.6.3.jar:/Users/yikaikao/.m2/repository/org/apache/maven/resolver/maven-resolver-api/1.4.1/maven-resolver-api-1.4.1.jar:/Users/yikaikao/.m2/repository/org/apache/maven/resolver/maven-resolver-util/1.4.1/maven-resolver-util-1.4.1.jar:/Users/yikaikao/.m2/repository/org/apache/maven/shared/maven-shared-utils/3.2.1/maven-shared-utils-3.2.1.jar:/Users/yikaikao/.m2/repository/commons-io/commons-io/2.6/commons-io-2.6.jar:/Users/yikaikao/.m2/repository/com/google/inject/guice/4.2.1/guice-4.2.1-no_aop.jar:/Users/yikaikao/.m2/repository/com/google/guava/guava/27.0.1-jre/guava-27.0.1-jre.jar:/Users/yikaikao/.m2/repository/com/google/guava/failureaccess/1.0.1/failureaccess-1.0.1.jar:/Users/yikaikao/.m2/repository/com/google/guava/listenablefuture/9999.0-empty-to-avoid-conflict-with-guava/listenablefuture-9999.0-empty-to-avoid-conflict-with-guava.jar:/Users/yikaikao/.m2/repository/org/codehaus/plexus/plexus-utils/3.2.1/plexus-utils-3.2.1.jar:/Users/yikaikao/.m2/repository/org/codehaus/plexus/plexus-classworlds/2.6.0/plexus-classworlds-2.6.0.jar:/Users/yikaikao/.m2/repository/commons-cli/commons-cli/1.4/commons-cli-1.4.jar:/Users/yikaikao/.m2/repository/org/eclipse/sisu/org.eclipse.sisu.plexus/0.3.4/org.eclipse.sisu.plexus-0.3.4.jar:/Users/yikaikao/.m2/repository/org/apache/maven/maven-settings-builder/3.6.3/maven-settings-builder-3.6.3.jar:/Users/yikaikao/.m2/repository/org/codehaus/plexus/plexus-interpolation/1.25/plexus-interpolation-1.25.jar:/Users/yikaikao/.m2/repository/org/sonatype/plexus/plexus-sec-dispatcher/1.4/plexus-sec-dispatcher-1.4.jar:/Users/yikaikao/.m2/repository/org/sonatype/plexus/plexus-cipher/1.4/plexus-cipher-1.4.jar:/Users/yikaikao/.m2/repository/org/apache/maven/maven-resolver-provider/3.6.3/maven-resolver-provider-3.6.3.jar:/Users/yikaikao/.m2/repository/org/apache/maven/maven-repository-metadata/3.6.3/maven-repository-metadata-3.6.3.jar:/Users/yikaikao/.m2/repository/org/apache/maven/resolver/maven-resolver-spi/1.4.1/maven-resolver-spi-1.4.1.jar:/Users/yikaikao/.m2/repository/org/apache/maven/resolver/maven-resolver-impl/1.4.1/maven-resolver-impl-1.4.1.jar:/Users/yikaikao/.m2/repository/org/apache/maven/resolver/maven-resolver-connector-basic/1.4.1/maven-resolver-connector-basic-1.4.1.jar:/Users/yikaikao/.m2/repository/org/apache/maven/resolver/maven-resolver-transport-wagon/1.4.1/maven-resolver-transport-wagon-1.4.1.jar:/Users/yikaikao/.m2/repository/org/apache/maven/wagon/wagon-http/3.3.4/wagon-http-3.3.4.jar:/Users/yikaikao/.m2/repository/org/apache/maven/wagon/wagon-http-shared/3.3.4/wagon-http-shared-3.3.4.jar:/Users/yikaikao/.m2/repository/org/jsoup/jsoup/1.12.1/jsoup-1.12.1.jar:/Users/yikaikao/.m2/repository/org/apache/maven/wagon/wagon-provider-api/3.3.4/wagon-provider-api-3.3.4.jar:/Users/yikaikao/.m2/repository/org/apache/maven/wagon/wagon-file/3.3.4/wagon-file-3.3.4.jar:/Users/yikaikao/.m2/repository/org/jboss/logging/jboss-logging/3.3.2.Final/jboss-logging-3.3.2.Final.jar:/Users/yikaikao/.m2/repository/org/jboss/logging/commons-logging-jboss-logging/1.0.0.Final/commons-logging-jboss-logging-1.0.0.Final.jar:/Users/yikaikao/.m2/repository/org/eclipse/sisu/org.eclipse.sisu.inject/0.3.4/org.eclipse.sisu.inject-0.3.4.jar:/Users/yikaikao/.m2/repository/io/quarkus/quarkus-test-common/1.5.2.Final/quarkus-test-common-1.5.2.Final.jar:/Users/yikaikao/.m2/repository/io/quarkus/quarkus-core-deployment/1.5.2.Final/quarkus-core-deployment-1.5.2.Final.jar:/Users/yikaikao/.m2/repository/io/quarkus/gizmo/gizmo/1.0.3.Final/gizmo-1.0.3.Final.jar:/Users/yikaikao/.m2/repository/org/ow2/asm/asm-util/8.0.1/asm-util-8.0.1.jar:/Users/yikaikao/.m2/repository/org/ow2/asm/asm-tree/8.0.1/asm-tree-8.0.1.jar:/Users/yikaikao/.m2/repository/org/ow2/asm/asm-analysis/8.0.1/asm-analysis-8.0.1.jar:/Users/yikaikao/.m2/repository/io/quarkus/quarkus-builder/1.5.2.Final/quarkus-builder-1.5.2.Final.jar:/Users/yikaikao/.m2/repository/io/quarkus/quarkus-jsonp-deployment/1.5.2.Final/quarkus-jsonp-deployment-1.5.2.Final.jar:/Users/yikaikao/.m2/repository/io/quarkus/quarkus-jsonp/1.5.2.Final/quarkus-jsonp-1.5.2.Final.jar:/Users/yikaikao/.m2/repository/org/glassfish/jakarta.json/1.1.6/jakarta.json-1.1.6.jar:/Users/yikaikao/.m2/repository/org/jboss/jandex/2.1.3.Final/jandex-2.1.3.Final.jar:/Users/yikaikao/.m2/repository/io/quarkus/quarkus-core/1.5.2.Final/quarkus-core-1.5.2.Final.jar:/Users/yikaikao/.m2/repository/jakarta/annotation/jakarta.annotation-api/1.3.5/jakarta.annotation-api-1.3.5.jar:/Users/yikaikao/.m2/repository/jakarta/inject/jakarta.inject-api/1.0/jakarta.inject-api-1.0.jar:/Users/yikaikao/.m2/repository/io/quarkus/quarkus-ide-launcher/1.5.2.Final/quarkus-ide-launcher-1.5.2.Final.jar:/Users/yikaikao/.m2/repository/io/smallrye/config/smallrye-config/1.7.0/smallrye-config-1.7.0.jar:/Users/yikaikao/.m2/repository/io/smallrye/config/smallrye-config-common/1.7.0/smallrye-config-common-1.7.0.jar:/Users/yikaikao/.m2/repository/org/jboss/logmanager/jboss-logmanager-embedded/1.0.4/jboss-logmanager-embedded-1.0.4.jar:/Users/yikaikao/.m2/repository/org/jboss/logging/jboss-logging-annotations/2.1.0.Final/jboss-logging-annotations-2.1.0.Final.jar:/Users/yikaikao/.m2/repository/org/jboss/threads/jboss-threads/3.1.1.Final/jboss-threads-3.1.1.Final.jar:/Users/yikaikao/.m2/repository/org/jboss/slf4j/slf4j-jboss-logging/1.2.0.Final/slf4j-jboss-logging-1.2.0.Final.jar:/Users/yikaikao/.m2/repository/org/graalvm/sdk/graal-sdk/19.3.1/graal-sdk-19.3.1.jar:/Users/yikaikao/.m2/repository/org/wildfly/common/wildfly-common/1.5.4.Final-format-001/wildfly-common-1.5.4.Final-format-001.jar:/Users/yikaikao/.m2/repository/io/quarkus/quarkus-bootstrap-runner/1.5.2.Final/quarkus-bootstrap-runner-1.5.2.Final.jar:/Users/yikaikao/.m2/repository/com/thoughtworks/xstream/xstream/1.4.11.1/xstream-1.4.11.1.jar:/Users/yikaikao/.m2/repository/xmlpull/xmlpull/1.1.3.1/xmlpull-1.1.3.1.jar:/Users/yikaikao/.m2/repository/xpp3/xpp3_min/1.1.4c/xpp3_min-1.1.4c.jar:/Users/yikaikao/.m2/repository/io/rest-assured/rest-assured/4.3.0/rest-assured-4.3.0.jar:/Users/yikaikao/.m2/repository/org/codehaus/groovy/groovy/3.0.2/groovy-3.0.2.jar:/Users/yikaikao/.m2/repository/org/codehaus/groovy/groovy-xml/3.0.2/groovy-xml-3.0.2.jar:/Users/yikaikao/.m2/repository/org/apache/httpcomponents/httpclient/4.5.12/httpclient-4.5.12.jar:/Users/yikaikao/.m2/repository/commons-codec/commons-codec/1.14/commons-codec-1.14.jar:/Users/yikaikao/.m2/repository/org/apache/httpcomponents/httpmime/4.5.3/httpmime-4.5.3.jar:/Users/yikaikao/.m2/repository/org/hamcrest/hamcrest/2.1/hamcrest-2.1.jar:/Users/yikaikao/.m2/repository/org/ccil/cowan/tagsoup/tagsoup/1.2.1/tagsoup-1.2.1.jar:/Users/yikaikao/.m2/repository/io/rest-assured/json-path/4.3.0/json-path-4.3.0.jar:/Users/yikaikao/.m2/repository/org/codehaus/groovy/groovy-json/3.0.2/groovy-json-3.0.2.jar:/Users/yikaikao/.m2/repository/io/rest-assured/rest-assured-common/4.3.0/rest-assured-common-4.3.0.jar:/Users/yikaikao/.m2/repository/io/rest-assured/xml-path/4.3.0/xml-path-4.3.0.jar:/Users/yikaikao/.m2/repository/org/apache/commons/commons-lang3/3.9/commons-lang3-3.9.jar:/Users/yikaikao/.m2/repository/jakarta/xml/bind/jakarta.xml.bind-api/2.3.2/jakarta.xml.bind-api-2.3.2.jar:/Users/yikaikao/.m2/repository/jakarta/activation/jakarta.activation-api/1.2.1/jakarta.activation-api-1.2.1.jar:/Users/yikaikao/.m2/repository/org/apache/sling/org.apache.sling.javax.activation/0.1.0/org.apache.sling.javax.activation-0.1.0.jar:/Users/yikaikao/.m2/repository/org/junit/jupiter/junit-jupiter/5.7.2/junit-jupiter-5.7.2.jar:/Users/yikaikao/.m2/repository/org/junit/jupiter/junit-jupiter-api/5.6.2/junit-jupiter-api-5.6.2.jar:/Users/yikaikao/.m2/repository/org/opentest4j/opentest4j/1.2.0/opentest4j-1.2.0.jar:/Users/yikaikao/.m2/repository/org/junit/platform/junit-platform-commons/1.6.2/junit-platform-commons-1.6.2.jar:/Users/yikaikao/.m2/repository/org/junit/jupiter/junit-jupiter-params/5.6.2/junit-jupiter-params-5.6.2.jar:/Users/yikaikao/.m2/repository/org/junit/jupiter/junit-jupiter-engine/5.6.2/junit-jupiter-engine-5.6.2.jar:/Users/yikaikao/.m2/repository/org/junit/platform/junit-platform-runner/1.6.2/junit-platform-runner-1.6.2.jar:/Users/yikaikao/.m2/repository/junit/junit/4.12/junit-4.12.jar:/Users/yikaikao/.m2/repository/org/hamcrest/hamcrest-core/1.3/hamcrest-core-1.3.jar:/Users/yikaikao/.m2/repository/org/apiguardian/apiguardian-api/1.1.0/apiguardian-api-1.1.0.jar:/Users/yikaikao/.m2/repository/org/junit/platform/junit-platform-launcher/1.6.2/junit-platform-launcher-1.6.2.jar:/Users/yikaikao/.m2/repository/org/junit/platform/junit-platform-suite-api/1.6.2/junit-platform-suite-api-1.6.2.jar:/Users/yikaikao/.m2/repository/io/cucumber/cucumber-java8/6.10.4/cucumber-java8-6.10.4.jar:/Users/yikaikao/.m2/repository/io/cucumber/cucumber-core/6.10.4/cucumber-core-6.10.4.jar:/Users/yikaikao/.m2/repository/io/cucumber/cucumber-gherkin/6.10.4/cucumber-gherkin-6.10.4.jar:/Users/yikaikao/.m2/repository/io/cucumber/cucumber-gherkin-messages/6.10.4/cucumber-gherkin-messages-6.10.4.jar:/Users/yikaikao/.m2/repository/io/cucumber/messages/15.0.0/messages-15.0.0.jar:/Users/yikaikao/.m2/repository/io/cucumber/tag-expressions/3.0.1/tag-expressions-3.0.1.jar:/Users/yikaikao/.m2/repository/io/cucumber/cucumber-expressions/10.3.0/cucumber-expressions-10.3.0.jar:/Users/yikaikao/.m2/repository/io/cucumber/datatable/3.5.0/datatable-3.5.0.jar:/Users/yikaikao/.m2/repository/io/cucumber/cucumber-plugin/6.10.4/cucumber-plugin-6.10.4.jar:/Users/yikaikao/.m2/repository/io/cucumber/docstring/6.10.4/docstring-6.10.4.jar:/Users/yikaikao/.m2/repository/io/cucumber/html-formatter/13.0.0/html-formatter-13.0.0.jar:/Users/yikaikao/.m2/repository/io/cucumber/create-meta/4.0.0/create-meta-4.0.0.jar:/Users/yikaikao/.m2/repository/net/jodah/typetools/0.6.3/typetools-0.6.3.jar:/Users/yikaikao/.m2/repository/io/cucumber/cucumber-junit/6.10.4/cucumber-junit-6.10.4.jar:/Users/yikaikao/.m2/repository/io/cucumber/cucumber-junit-platform-engine/6.10.4/cucumber-junit-platform-engine-6.10.4.jar:/Users/yikaikao/.m2/repository/org/junit/platform/junit-platform-engine/1.6.2/junit-platform-engine-1.6.2.jar:/Users/yikaikao/.m2/repository/org/mockito/mockito-core/3.3.3/mockito-core-3.3.3.jar:/Users/yikaikao/.m2/repository/net/bytebuddy/byte-buddy/1.10.5/byte-buddy-1.10.5.jar:/Users/yikaikao/.m2/repository/net/bytebuddy/byte-buddy-agent/1.10.5/byte-buddy-agent-1.10.5.jar:/Users/yikaikao/.m2/repository/org/objenesis/objenesis/2.6/objenesis-2.6.jar:/Users/yikaikao/.m2/repository/org/projectlombok/lombok/1.18.20/lombok-1.18.20.jar:"/>
    <property name="sun.cpu.endian" value="little"/>
    <property name="user.home" value="/Users/yikaikao"/>
    <property name="user.language" value="en"/>
    <property name="java.specification.vendor" value="Oracle Corporation"/>
    <property name="java.home" value="/Users/yikaikao/.sdkman/candidates/java/8.292.10.1-amzn/jre"/>
    <property name="basedir" value="/Users/yikaikao/git/aws-samples/designing-cloud-native-microservices-on-aws/sources/coffeeshop/infrastructure"/>
    <property name="file.separator" value="/"/>
    <property name="line.separator" value="&#10;"/>
    <property name="java.vm.specification.vendor" value="Oracle Corporation"/>
    <property name="java.specification.name" value="Java Platform API Specification"/>
    <property name="software.amazon.awssdk.http.service.impl" value="software.amazon.awssdk.http.urlconnection.UrlConnectionSdkHttpService"/>
    <property name="java.awt.graphicsenv" value="sun.awt.CGraphicsEnvironment"/>
    <property name="surefire.real.class.path" value="/Users/yikaikao/git/aws-samples/designing-cloud-native-microservices-on-aws/sources/coffeeshop/infrastructure/target/surefire/surefirebooter5250288355090885510.jar"/>
    <property name="sun.boot.class.path" value="/Users/yikaikao/.sdkman/candidates/java/8.292.10.1-amzn/jre/lib/resources.jar:/Users/yikaikao/.sdkman/candidates/java/8.292.10.1-amzn/jre/lib/rt.jar:/Users/yikaikao/.sdkman/candidates/java/8.292.10.1-amzn/jre/lib/sunrsasign.jar:/Users/yikaikao/.sdkman/candidates/java/8.292.10.1-amzn/jre/lib/jsse.jar:/Users/yikaikao/.sdkman/candidates/java/8.292.10.1-amzn/jre/lib/jce.jar:/Users/yikaikao/.sdkman/candidates/java/8.292.10.1-amzn/jre/lib/charsets.jar:/Users/yikaikao/.sdkman/candidates/java/8.292.10.1-amzn/jre/lib/jfr.jar:/Users/yikaikao/.sdkman/candidates/java/8.292.10.1-amzn/jre/classes"/>
    <property name="sun.management.compiler" value="HotSpot 64-Bit Tiered Compilers"/>
    <property name="ftp.nonProxyHosts" value="local|*.local|169.254/16|*.169.254/16"/>
    <property name="java.runtime.version" value="1.8.0_292-b10"/>
    <property name="user.name" value="yikaikao"/>
    <property name="path.separator" value=":"/>
    <property name="os.version" value="10.16"/>
    <property name="java.endorsed.dirs" value="/Users/yikaikao/.sdkman/candidates/java/8.292.10.1-amzn/jre/lib/endorsed"/>
    <property name="java.runtime.name" value="OpenJDK Runtime Environment"/>
    <property name="file.encoding" value="UTF-8"/>
    <property name="java.vm.name" value="OpenJDK 64-Bit Server VM"/>
    <property name="localRepository" value="/Users/yikaikao/.m2/repository"/>
    <property name="java.vendor.url.bug" value="https://github.com/corretto/corretto-8/issues/"/>
    <property name="java.io.tmpdir" value="/var/folders/zt/dpxyyhdx3vq38fd6n1n4n_080000gn/T/"/>
    <property name="java.version" value="1.8.0_292"/>
    <property name="user.dir" value="/Users/yikaikao/git/aws-samples/designing-cloud-native-microservices-on-aws/sources/coffeeshop/infrastructure"/>
    <property name="os.arch" value="x86_64"/>
    <property name="java.vm.specification.name" value="Java Virtual Machine Specification"/>
    <property name="java.awt.printerjob" value="sun.lwawt.macosx.CPrinterJob"/>
    <property name="sun.os.patch.level" value="unknown"/>
    <property name="java.util.logging.manager" value="org.jboss.logmanager.LogManager"/>
    <property name="java.library.path" value="/Users/yikaikao/Library/Java/Extensions:/Library/Java/Extensions:/Network/Library/Java/Extensions:/System/Library/Java/Extensions:/usr/lib/java:."/>
    <property name="java.vm.info" value="mixed mode"/>
    <property name="java.vendor" value="Amazon.com Inc."/>
    <property name="java.vm.version" value="25.292-b10"/>
    <property name="java.ext.dirs" value="/Users/yikaikao/Library/Java/Extensions:/Users/yikaikao/.sdkman/candidates/java/8.292.10.1-amzn/jre/lib/ext:/Library/Java/Extensions:/Network/Library/Java/Extensions:/System/Library/Java/Extensions:/usr/lib/java"/>
    <property name="sun.io.unicode.encoding" value="UnicodeBig"/>
    <property name="java.class.version" value="52.0"/>
    <property name="socksNonProxyHosts" value="local|*.local|169.254/16|*.169.254/16"/>
  </properties>
  <testcase name="ssmTest" classname="SSMTest" time="2.222"/>
</testsuite>